<?xml version="1.0" encoding="UTF-8"?>
<testsuite xmlns:xsi="http://www.w3.org/2001/XMLSchema-instance" xsi:noNamespaceSchemaLocation="https://maven.apache.org/surefire/maven-surefire-plugin/xsd/surefire-test-report-3.0.xsd" version="3.0" name="cool.zest.logicdemo.LogicDemoApplicationTests" time="8.519" tests="1" errors="0" skipped="0" failures="0">
  <properties>
    <property name="java.specification.version" value="17"/>
    <property name="sun.cpu.isalist" value="amd64"/>
    <property name="sun.jnu.encoding" value="GBK"/>
    <property name="java.class.path" value="D:\workspace\LLRP\后端\Logic-LRP\target\test-classes;D:\workspace\LLRP\后端\Logic-LRP\target\classes;D:\biancheng\IDEA 2023.1\apache-maven-3.9.6\mvn_resp\org\springframework\boot\spring-boot-starter-web\3.2.0\spring-boot-starter-web-3.2.0.jar;D:\biancheng\IDEA 2023.1\apache-maven-3.9.6\mvn_resp\org\springframework\boot\spring-boot-starter\3.2.0\spring-boot-starter-3.2.0.jar;D:\biancheng\IDEA 2023.1\apache-maven-3.9.6\mvn_resp\org\springframework\boot\spring-boot\3.2.0\spring-boot-3.2.0.jar;D:\biancheng\IDEA 2023.1\apache-maven-3.9.6\mvn_resp\org\springframework\boot\spring-boot-autoconfigure\3.2.0\spring-boot-autoconfigure-3.2.0.jar;D:\biancheng\IDEA 2023.1\apache-maven-3.9.6\mvn_resp\org\springframework\boot\spring-boot-starter-logging\3.2.0\spring-boot-starter-logging-3.2.0.jar;D:\biancheng\IDEA 2023.1\apache-maven-3.9.6\mvn_resp\ch\qos\logback\logback-classic\1.4.11\logback-classic-1.4.11.jar;D:\biancheng\IDEA 2023.1\apache-maven-3.9.6\mvn_resp\ch\qos\logback\logback-core\1.4.11\logback-core-1.4.11.jar;D:\biancheng\IDEA 2023.1\apache-maven-3.9.6\mvn_resp\org\apache\logging\log4j\log4j-to-slf4j\2.21.1\log4j-to-slf4j-2.21.1.jar;D:\biancheng\IDEA 2023.1\apache-maven-3.9.6\mvn_resp\org\apache\logging\log4j\log4j-api\2.21.1\log4j-api-2.21.1.jar;D:\biancheng\IDEA 2023.1\apache-maven-3.9.6\mvn_resp\org\slf4j\jul-to-slf4j\2.0.9\jul-to-slf4j-2.0.9.jar;D:\biancheng\IDEA 2023.1\apache-maven-3.9.6\mvn_resp\jakarta\annotation\jakarta.annotation-api\2.1.1\jakarta.annotation-api-2.1.1.jar;D:\biancheng\IDEA 2023.1\apache-maven-3.9.6\mvn_resp\org\yaml\snakeyaml\2.2\snakeyaml-2.2.jar;D:\biancheng\IDEA 2023.1\apache-maven-3.9.6\mvn_resp\org\springframework\boot\spring-boot-starter-json\3.2.0\spring-boot-starter-json-3.2.0.jar;D:\biancheng\IDEA 2023.1\apache-maven-3.9.6\mvn_resp\com\fasterxml\jackson\datatype\jackson-datatype-jdk8\2.15.3\jackson-datatype-jdk8-2.15.3.jar;D:\biancheng\IDEA 2023.1\apache-maven-3.9.6\mvn_resp\com\fasterxml\jackson\datatype\jackson-datatype-jsr310\2.15.3\jackson-datatype-jsr310-2.15.3.jar;D:\biancheng\IDEA 2023.1\apache-maven-3.9.6\mvn_resp\com\fasterxml\jackson\module\jackson-module-parameter-names\2.15.3\jackson-module-parameter-names-2.15.3.jar;D:\biancheng\IDEA 2023.1\apache-maven-3.9.6\mvn_resp\org\springframework\boot\spring-boot-starter-tomcat\3.2.0\spring-boot-starter-tomcat-3.2.0.jar;D:\biancheng\IDEA 2023.1\apache-maven-3.9.6\mvn_resp\org\apache\tomcat\embed\tomcat-embed-core\10.1.16\tomcat-embed-core-10.1.16.jar;D:\biancheng\IDEA 2023.1\apache-maven-3.9.6\mvn_resp\org\apache\tomcat\embed\tomcat-embed-websocket\10.1.16\tomcat-embed-websocket-10.1.16.jar;D:\biancheng\IDEA 2023.1\apache-maven-3.9.6\mvn_resp\org\springframework\spring-web\6.1.1\spring-web-6.1.1.jar;D:\biancheng\IDEA 2023.1\apache-maven-3.9.6\mvn_resp\org\springframework\spring-beans\6.1.1\spring-beans-6.1.1.jar;D:\biancheng\IDEA 2023.1\apache-maven-3.9.6\mvn_resp\io\micrometer\micrometer-observation\1.12.0\micrometer-observation-1.12.0.jar;D:\biancheng\IDEA 2023.1\apache-maven-3.9.6\mvn_resp\io\micrometer\micrometer-commons\1.12.0\micrometer-commons-1.12.0.jar;D:\biancheng\IDEA 2023.1\apache-maven-3.9.6\mvn_resp\org\springframework\spring-webmvc\6.1.1\spring-webmvc-6.1.1.jar;D:\biancheng\IDEA 2023.1\apache-maven-3.9.6\mvn_resp\org\springframework\spring-aop\6.1.1\spring-aop-6.1.1.jar;D:\biancheng\IDEA 2023.1\apache-maven-3.9.6\mvn_resp\org\springframework\spring-context\6.1.1\spring-context-6.1.1.jar;D:\biancheng\IDEA 2023.1\apache-maven-3.9.6\mvn_resp\org\springframework\spring-expression\6.1.1\spring-expression-6.1.1.jar;D:\biancheng\IDEA 2023.1\apache-maven-3.9.6\mvn_resp\org\mybatis\spring\boot\mybatis-spring-boot-starter\3.0.3\mybatis-spring-boot-starter-3.0.3.jar;D:\biancheng\IDEA 2023.1\apache-maven-3.9.6\mvn_resp\org\springframework\boot\spring-boot-starter-jdbc\3.2.0\spring-boot-starter-jdbc-3.2.0.jar;D:\biancheng\IDEA 2023.1\apache-maven-3.9.6\mvn_resp\com\zaxxer\HikariCP\5.0.1\HikariCP-5.0.1.jar;D:\biancheng\IDEA 2023.1\apache-maven-3.9.6\mvn_resp\org\springframework\spring-jdbc\6.1.1\spring-jdbc-6.1.1.jar;D:\biancheng\IDEA 2023.1\apache-maven-3.9.6\mvn_resp\org\mybatis\spring\boot\mybatis-spring-boot-autoconfigure\3.0.3\mybatis-spring-boot-autoconfigure-3.0.3.jar;D:\biancheng\IDEA 2023.1\apache-maven-3.9.6\mvn_resp\org\mybatis\mybatis\3.5.14\mybatis-3.5.14.jar;D:\biancheng\IDEA 2023.1\apache-maven-3.9.6\mvn_resp\org\mybatis\mybatis-spring\3.0.3\mybatis-spring-3.0.3.jar;D:\biancheng\IDEA 2023.1\apache-maven-3.9.6\mvn_resp\com\mysql\mysql-connector-j\8.1.0\mysql-connector-j-8.1.0.jar;D:\biancheng\IDEA 2023.1\apache-maven-3.9.6\mvn_resp\org\projectlombok\lombok\1.18.30\lombok-1.18.30.jar;D:\biancheng\IDEA 2023.1\apache-maven-3.9.6\mvn_resp\org\springframework\boot\spring-boot-starter-test\3.2.0\spring-boot-starter-test-3.2.0.jar;D:\biancheng\IDEA 2023.1\apache-maven-3.9.6\mvn_resp\org\springframework\boot\spring-boot-test\3.2.0\spring-boot-test-3.2.0.jar;D:\biancheng\IDEA 2023.1\apache-maven-3.9.6\mvn_resp\org\springframework\boot\spring-boot-test-autoconfigure\3.2.0\spring-boot-test-autoconfigure-3.2.0.jar;D:\biancheng\IDEA 2023.1\apache-maven-3.9.6\mvn_resp\com\jayway\jsonpath\json-path\2.8.0\json-path-2.8.0.jar;D:\biancheng\IDEA 2023.1\apache-maven-3.9.6\mvn_resp\jakarta\xml\bind\jakarta.xml.bind-api\4.0.1\jakarta.xml.bind-api-4.0.1.jar;D:\biancheng\IDEA 2023.1\apache-maven-3.9.6\mvn_resp\jakarta\activation\jakarta.activation-api\2.1.2\jakarta.activation-api-2.1.2.jar;D:\biancheng\IDEA 2023.1\apache-maven-3.9.6\mvn_resp\net\minidev\json-smart\2.5.0\json-smart-2.5.0.jar;D:\biancheng\IDEA 2023.1\apache-maven-3.9.6\mvn_resp\net\minidev\accessors-smart\2.5.0\accessors-smart-2.5.0.jar;D:\biancheng\IDEA 2023.1\apache-maven-3.9.6\mvn_resp\org\ow2\asm\asm\9.3\asm-9.3.jar;D:\biancheng\IDEA 2023.1\apache-maven-3.9.6\mvn_resp\org\assertj\assertj-core\3.24.2\assertj-core-3.24.2.jar;D:\biancheng\IDEA 2023.1\apache-maven-3.9.6\mvn_resp\net\bytebuddy\byte-buddy\1.14.10\byte-buddy-1.14.10.jar;D:\biancheng\IDEA 2023.1\apache-maven-3.9.6\mvn_resp\org\awaitility\awaitility\4.2.0\awaitility-4.2.0.jar;D:\biancheng\IDEA 2023.1\apache-maven-3.9.6\mvn_resp\org\hamcrest\hamcrest\2.2\hamcrest-2.2.jar;D:\biancheng\IDEA 2023.1\apache-maven-3.9.6\mvn_resp\org\junit\jupiter\junit-jupiter\5.10.1\junit-jupiter-5.10.1.jar;D:\biancheng\IDEA 2023.1\apache-maven-3.9.6\mvn_resp\org\junit\jupiter\junit-jupiter-api\5.10.1\junit-jupiter-api-5.10.1.jar;D:\biancheng\IDEA 2023.1\apache-maven-3.9.6\mvn_resp\org\opentest4j\opentest4j\1.3.0\opentest4j-1.3.0.jar;D:\biancheng\IDEA 2023.1\apache-maven-3.9.6\mvn_resp\org\junit\platform\junit-platform-commons\1.10.1\junit-platform-commons-1.10.1.jar;D:\biancheng\IDEA 2023.1\apache-maven-3.9.6\mvn_resp\org\apiguardian\apiguardian-api\1.1.2\apiguardian-api-1.1.2.jar;D:\biancheng\IDEA 2023.1\apache-maven-3.9.6\mvn_resp\org\junit\jupiter\junit-jupiter-params\5.10.1\junit-jupiter-params-5.10.1.jar;D:\biancheng\IDEA 2023.1\apache-maven-3.9.6\mvn_resp\org\junit\jupiter\junit-jupiter-engine\5.10.1\junit-jupiter-engine-5.10.1.jar;D:\biancheng\IDEA 2023.1\apache-maven-3.9.6\mvn_resp\org\junit\platform\junit-platform-engine\1.10.1\junit-platform-engine-1.10.1.jar;D:\biancheng\IDEA 2023.1\apache-maven-3.9.6\mvn_resp\org\mockito\mockito-core\5.7.0\mockito-core-5.7.0.jar;D:\biancheng\IDEA 2023.1\apache-maven-3.9.6\mvn_resp\net\bytebuddy\byte-buddy-agent\1.14.10\byte-buddy-agent-1.14.10.jar;D:\biancheng\IDEA 2023.1\apache-maven-3.9.6\mvn_resp\org\objenesis\objenesis\3.3\objenesis-3.3.jar;D:\biancheng\IDEA 2023.1\apache-maven-3.9.6\mvn_resp\org\mockito\mockito-junit-jupiter\5.7.0\mockito-junit-jupiter-5.7.0.jar;D:\biancheng\IDEA 2023.1\apache-maven-3.9.6\mvn_resp\org\skyscreamer\jsonassert\1.5.1\jsonassert-1.5.1.jar;D:\biancheng\IDEA 2023.1\apache-maven-3.9.6\mvn_resp\com\vaadin\external\google\android-json\0.0.20131108.vaadin1\android-json-0.0.20131108.vaadin1.jar;D:\biancheng\IDEA 2023.1\apache-maven-3.9.6\mvn_resp\org\springframework\spring-core\6.1.1\spring-core-6.1.1.jar;D:\biancheng\IDEA 2023.1\apache-maven-3.9.6\mvn_resp\org\springframework\spring-jcl\6.1.1\spring-jcl-6.1.1.jar;D:\biancheng\IDEA 2023.1\apache-maven-3.9.6\mvn_resp\org\springframework\spring-test\6.1.1\spring-test-6.1.1.jar;D:\biancheng\IDEA 2023.1\apache-maven-3.9.6\mvn_resp\org\xmlunit\xmlunit-core\2.9.1\xmlunit-core-2.9.1.jar;D:\biancheng\IDEA 2023.1\apache-maven-3.9.6\mvn_resp\org\mybatis\spring\boot\mybatis-spring-boot-starter-test\3.0.3\mybatis-spring-boot-starter-test-3.0.3.jar;D:\biancheng\IDEA 2023.1\apache-maven-3.9.6\mvn_resp\org\mybatis\spring\boot\mybatis-spring-boot-test-autoconfigure\3.0.3\mybatis-spring-boot-test-autoconfigure-3.0.3.jar;D:\biancheng\IDEA 2023.1\apache-maven-3.9.6\mvn_resp\org\springframework\spring-tx\6.1.1\spring-tx-6.1.1.jar;D:\biancheng\IDEA 2023.1\apache-maven-3.9.6\mvn_resp\org\springframework\boot\spring-boot-starter-validation\3.2.0\spring-boot-starter-validation-3.2.0.jar;D:\biancheng\IDEA 2023.1\apache-maven-3.9.6\mvn_resp\org\apache\tomcat\embed\tomcat-embed-el\10.1.16\tomcat-embed-el-10.1.16.jar;D:\biancheng\IDEA 2023.1\apache-maven-3.9.6\mvn_resp\org\hibernate\validator\hibernate-validator\8.0.1.Final\hibernate-validator-8.0.1.Final.jar;D:\biancheng\IDEA 2023.1\apache-maven-3.9.6\mvn_resp\jakarta\validation\jakarta.validation-api\3.0.2\jakarta.validation-api-3.0.2.jar;D:\biancheng\IDEA 2023.1\apache-maven-3.9.6\mvn_resp\org\jboss\logging\jboss-logging\3.5.3.Final\jboss-logging-3.5.3.Final.jar;D:\biancheng\IDEA 2023.1\apache-maven-3.9.6\mvn_resp\com\fasterxml\classmate\1.6.0\classmate-1.6.0.jar;D:\biancheng\IDEA 2023.1\apache-maven-3.9.6\mvn_resp\com\auth0\java-jwt\4.4.0\java-jwt-4.4.0.jar;D:\biancheng\IDEA 2023.1\apache-maven-3.9.6\mvn_resp\com\fasterxml\jackson\core\jackson-databind\2.15.3\jackson-databind-2.15.3.jar;D:\biancheng\IDEA 2023.1\apache-maven-3.9.6\mvn_resp\com\fasterxml\jackson\core\jackson-annotations\2.15.3\jackson-annotations-2.15.3.jar;D:\biancheng\IDEA 2023.1\apache-maven-3.9.6\mvn_resp\com\fasterxml\jackson\core\jackson-core\2.15.3\jackson-core-2.15.3.jar;D:\biancheng\IDEA 2023.1\apache-maven-3.9.6\mvn_resp\org\springframework\boot\spring-boot-starter-data-redis\3.2.0\spring-boot-starter-data-redis-3.2.0.jar;D:\biancheng\IDEA 2023.1\apache-maven-3.9.6\mvn_resp\io\lettuce\lettuce-core\6.3.0.RELEASE\lettuce-core-6.3.0.RELEASE.jar;D:\biancheng\IDEA 2023.1\apache-maven-3.9.6\mvn_resp\io\netty\netty-common\4.1.101.Final\netty-common-4.1.101.Final.jar;D:\biancheng\IDEA 2023.1\apache-maven-3.9.6\mvn_resp\io\netty\netty-handler\4.1.101.Final\netty-handler-4.1.101.Final.jar;D:\biancheng\IDEA 2023.1\apache-maven-3.9.6\mvn_resp\io\netty\netty-resolver\4.1.101.Final\netty-resolver-4.1.101.Final.jar;D:\biancheng\IDEA 2023.1\apache-maven-3.9.6\mvn_resp\io\netty\netty-buffer\4.1.101.Final\netty-buffer-4.1.101.Final.jar;D:\biancheng\IDEA 2023.1\apache-maven-3.9.6\mvn_resp\io\netty\netty-transport-native-unix-common\4.1.101.Final\netty-transport-native-unix-common-4.1.101.Final.jar;D:\biancheng\IDEA 2023.1\apache-maven-3.9.6\mvn_resp\io\netty\netty-codec\4.1.101.Final\netty-codec-4.1.101.Final.jar;D:\biancheng\IDEA 2023.1\apache-maven-3.9.6\mvn_resp\io\netty\netty-transport\4.1.101.Final\netty-transport-4.1.101.Final.jar;D:\biancheng\IDEA 2023.1\apache-maven-3.9.6\mvn_resp\io\projectreactor\reactor-core\3.6.0\reactor-core-3.6.0.jar;D:\biancheng\IDEA 2023.1\apache-maven-3.9.6\mvn_resp\org\reactivestreams\reactive-streams\1.0.4\reactive-streams-1.0.4.jar;D:\biancheng\IDEA 2023.1\apache-maven-3.9.6\mvn_resp\org\springframework\data\spring-data-redis\3.2.0\spring-data-redis-3.2.0.jar;D:\biancheng\IDEA 2023.1\apache-maven-3.9.6\mvn_resp\org\springframework\data\spring-data-keyvalue\3.2.0\spring-data-keyvalue-3.2.0.jar;D:\biancheng\IDEA 2023.1\apache-maven-3.9.6\mvn_resp\org\springframework\data\spring-data-commons\3.2.0\spring-data-commons-3.2.0.jar;D:\biancheng\IDEA 2023.1\apache-maven-3.9.6\mvn_resp\org\springframework\spring-oxm\6.1.1\spring-oxm-6.1.1.jar;D:\biancheng\IDEA 2023.1\apache-maven-3.9.6\mvn_resp\org\springframework\spring-context-support\6.1.1\spring-context-support-6.1.1.jar;D:\biancheng\IDEA 2023.1\apache-maven-3.9.6\mvn_resp\concurrent\concurrent\1.3.4\concurrent-1.3.4.jar;D:\biancheng\IDEA 2023.1\apache-maven-3.9.6\mvn_resp\com\github\pagehelper\pagehelper-spring-boot-starter\1.4.6\pagehelper-spring-boot-starter-1.4.6.jar;D:\biancheng\IDEA 2023.1\apache-maven-3.9.6\mvn_resp\com\github\pagehelper\pagehelper-spring-boot-autoconfigure\1.4.6\pagehelper-spring-boot-autoconfigure-1.4.6.jar;D:\biancheng\IDEA 2023.1\apache-maven-3.9.6\mvn_resp\com\github\pagehelper\pagehelper\5.3.2\pagehelper-5.3.2.jar;D:\biancheng\IDEA 2023.1\apache-maven-3.9.6\mvn_resp\com\github\jsqlparser\jsqlparser\4.5\jsqlparser-4.5.jar;D:\biancheng\IDEA 2023.1\apache-maven-3.9.6\mvn_resp\com\aliyun\oss\aliyun-sdk-oss\3.15.1\aliyun-sdk-oss-3.15.1.jar;D:\biancheng\IDEA 2023.1\apache-maven-3.9.6\mvn_resp\org\apache\httpcomponents\httpclient\4.4.1\httpclient-4.4.1.jar;D:\biancheng\IDEA 2023.1\apache-maven-3.9.6\mvn_resp\commons-codec\commons-codec\1.16.0\commons-codec-1.16.0.jar;D:\biancheng\IDEA 2023.1\apache-maven-3.9.6\mvn_resp\org\jdom\jdom2\2.0.6.1\jdom2-2.0.6.1.jar;D:\biancheng\IDEA 2023.1\apache-maven-3.9.6\mvn_resp\org\codehaus\jettison\jettison\1.1\jettison-1.1.jar;D:\biancheng\IDEA 2023.1\apache-maven-3.9.6\mvn_resp\stax\stax-api\1.0.1\stax-api-1.0.1.jar;D:\biancheng\IDEA 2023.1\apache-maven-3.9.6\mvn_resp\com\aliyun\aliyun-java-sdk-ram\3.1.0\aliyun-java-sdk-ram-3.1.0.jar;D:\biancheng\IDEA 2023.1\apache-maven-3.9.6\mvn_resp\com\aliyun\aliyun-java-sdk-kms\2.11.0\aliyun-java-sdk-kms-2.11.0.jar;D:\biancheng\IDEA 2023.1\apache-maven-3.9.6\mvn_resp\javax\xml\bind\jaxb-api\2.3.1\jaxb-api-2.3.1.jar;D:\biancheng\IDEA 2023.1\apache-maven-3.9.6\mvn_resp\javax\activation\javax.activation-api\1.2.0\javax.activation-api-1.2.0.jar;D:\biancheng\IDEA 2023.1\apache-maven-3.9.6\mvn_resp\javax\activation\activation\1.1.1\activation-1.1.1.jar;D:\biancheng\IDEA 2023.1\apache-maven-3.9.6\mvn_resp\org\glassfish\jaxb\jaxb-runtime\2.3.3\jaxb-runtime-2.3.3.jar;D:\biancheng\IDEA 2023.1\apache-maven-3.9.6\mvn_resp\org\glassfish\jaxb\txw2\4.0.4\txw2-4.0.4.jar;D:\biancheng\IDEA 2023.1\apache-maven-3.9.6\mvn_resp\com\sun\istack\istack-commons-runtime\4.1.2\istack-commons-runtime-4.1.2.jar;D:\biancheng\IDEA 2023.1\apache-maven-3.9.6\mvn_resp\com\sun\activation\jakarta.activation\1.2.2\jakarta.activation-1.2.2.jar;D:\biancheng\IDEA 2023.1\apache-maven-3.9.6\mvn_resp\com\aliyun\aliyun-java-sdk-core\4.5.13\aliyun-java-sdk-core-4.5.13.jar;D:\biancheng\IDEA 2023.1\apache-maven-3.9.6\mvn_resp\com\google\code\gson\gson\2.10.1\gson-2.10.1.jar;D:\biancheng\IDEA 2023.1\apache-maven-3.9.6\mvn_resp\org\apache\httpcomponents\httpcore\4.4.16\httpcore-4.4.16.jar;D:\biancheng\IDEA 2023.1\apache-maven-3.9.6\mvn_resp\commons-logging\commons-logging\1.2\commons-logging-1.2.jar;D:\biancheng\IDEA 2023.1\apache-maven-3.9.6\mvn_resp\org\jacoco\org.jacoco.agent\0.8.5\org.jacoco.agent-0.8.5-runtime.jar;D:\biancheng\IDEA 2023.1\apache-maven-3.9.6\mvn_resp\org\ini4j\ini4j\0.5.4\ini4j-0.5.4.jar;D:\biancheng\IDEA 2023.1\apache-maven-3.9.6\mvn_resp\org\slf4j\slf4j-api\2.0.9\slf4j-api-2.0.9.jar;D:\biancheng\IDEA 2023.1\apache-maven-3.9.6\mvn_resp\io\opentracing\opentracing-api\0.33.0\opentracing-api-0.33.0.jar;D:\biancheng\IDEA 2023.1\apache-maven-3.9.6\mvn_resp\io\opentracing\opentracing-util\0.33.0\opentracing-util-0.33.0.jar;D:\biancheng\IDEA 2023.1\apache-maven-3.9.6\mvn_resp\io\opentracing\opentracing-noop\0.33.0\opentracing-noop-0.33.0.jar;D:\biancheng\IDEA 2023.1\apache-maven-3.9.6\mvn_resp\com\aliyun\aliyun-java-sdk-alinlp\1.8.14\aliyun-java-sdk-alinlp-1.8.14.jar;D:\biancheng\IDEA 2023.1\apache-maven-3.9.6\mvn_resp\com\jcraft\jsch\0.1.55\jsch-0.1.55.jar;"/>
    <property name="java.vm.vendor" value="Oracle Corporation"/>
    <property name="sun.arch.data.model" value="64"/>
    <property name="user.variant" value=""/>
    <property name="java.vendor.url" value="https://java.oracle.com/"/>
    <property name="user.timezone" value="Asia/Shanghai"/>
    <property name="org.jboss.logging.provider" value="slf4j"/>
    <property name="os.name" value="Windows 11"/>
    <property name="java.vm.specification.version" value="17"/>
    <property name="sun.java.launcher" value="SUN_STANDARD"/>
    <property name="user.country" value="CN"/>
    <property name="sun.boot.library.path" value="D:\biancheng\IDEA 2023.1\jdk17\bin"/>
    <property name="sun.java.command" value="C:\Users\zest\AppData\Local\Temp\surefire8008503837131807634\surefirebooter-20240425163203147_3.jar C:\Users\zest\AppData\Local\Temp\surefire8008503837131807634 2024-04-25T16-31-53_459-jvmRun1 surefire-20240425163203147_1tmp surefire_0-20240425163203147_2tmp"/>
    <property name="jdk.debug" value="release"/>
    <property name="surefire.test.class.path" value="D:\workspace\LLRP\后端\Logic-LRP\target\test-classes;D:\workspace\LLRP\后端\Logic-LRP\target\classes;D:\biancheng\IDEA 2023.1\apache-maven-3.9.6\mvn_resp\org\springframework\boot\spring-boot-starter-web\3.2.0\spring-boot-starter-web-3.2.0.jar;D:\biancheng\IDEA 2023.1\apache-maven-3.9.6\mvn_resp\org\springframework\boot\spring-boot-starter\3.2.0\spring-boot-starter-3.2.0.jar;D:\biancheng\IDEA 2023.1\apache-maven-3.9.6\mvn_resp\org\springframework\boot\spring-boot\3.2.0\spring-boot-3.2.0.jar;D:\biancheng\IDEA 2023.1\apache-maven-3.9.6\mvn_resp\org\springframework\boot\spring-boot-autoconfigure\3.2.0\spring-boot-autoconfigure-3.2.0.jar;D:\biancheng\IDEA 2023.1\apache-maven-3.9.6\mvn_resp\org\springframework\boot\spring-boot-starter-logging\3.2.0\spring-boot-starter-logging-3.2.0.jar;D:\biancheng\IDEA 2023.1\apache-maven-3.9.6\mvn_resp\ch\qos\logback\logback-classic\1.4.11\logback-classic-1.4.11.jar;D:\biancheng\IDEA 2023.1\apache-maven-3.9.6\mvn_resp\ch\qos\logback\logback-core\1.4.11\logback-core-1.4.11.jar;D:\biancheng\IDEA 2023.1\apache-maven-3.9.6\mvn_resp\org\apache\logging\log4j\log4j-to-slf4j\2.21.1\log4j-to-slf4j-2.21.1.jar;D:\biancheng\IDEA 2023.1\apache-maven-3.9.6\mvn_resp\org\apache\logging\log4j\log4j-api\2.21.1\log4j-api-2.21.1.jar;D:\biancheng\IDEA 2023.1\apache-maven-3.9.6\mvn_resp\org\slf4j\jul-to-slf4j\2.0.9\jul-to-slf4j-2.0.9.jar;D:\biancheng\IDEA 2023.1\apache-maven-3.9.6\mvn_resp\jakarta\annotation\jakarta.annotation-api\2.1.1\jakarta.annotation-api-2.1.1.jar;D:\biancheng\IDEA 2023.1\apache-maven-3.9.6\mvn_resp\org\yaml\snakeyaml\2.2\snakeyaml-2.2.jar;D:\biancheng\IDEA 2023.1\apache-maven-3.9.6\mvn_resp\org\springframework\boot\spring-boot-starter-json\3.2.0\spring-boot-starter-json-3.2.0.jar;D:\biancheng\IDEA 2023.1\apache-maven-3.9.6\mvn_resp\com\fasterxml\jackson\datatype\jackson-datatype-jdk8\2.15.3\jackson-datatype-jdk8-2.15.3.jar;D:\biancheng\IDEA 2023.1\apache-maven-3.9.6\mvn_resp\com\fasterxml\jackson\datatype\jackson-datatype-jsr310\2.15.3\jackson-datatype-jsr310-2.15.3.jar;D:\biancheng\IDEA 2023.1\apache-maven-3.9.6\mvn_resp\com\fasterxml\jackson\module\jackson-module-parameter-names\2.15.3\jackson-module-parameter-names-2.15.3.jar;D:\biancheng\IDEA 2023.1\apache-maven-3.9.6\mvn_resp\org\springframework\boot\spring-boot-starter-tomcat\3.2.0\spring-boot-starter-tomcat-3.2.0.jar;D:\biancheng\IDEA 2023.1\apache-maven-3.9.6\mvn_resp\org\apache\tomcat\embed\tomcat-embed-core\10.1.16\tomcat-embed-core-10.1.16.jar;D:\biancheng\IDEA 2023.1\apache-maven-3.9.6\mvn_resp\org\apache\tomcat\embed\tomcat-embed-websocket\10.1.16\tomcat-embed-websocket-10.1.16.jar;D:\biancheng\IDEA 2023.1\apache-maven-3.9.6\mvn_resp\org\springframework\spring-web\6.1.1\spring-web-6.1.1.jar;D:\biancheng\IDEA 2023.1\apache-maven-3.9.6\mvn_resp\org\springframework\spring-beans\6.1.1\spring-beans-6.1.1.jar;D:\biancheng\IDEA 2023.1\apache-maven-3.9.6\mvn_resp\io\micrometer\micrometer-observation\1.12.0\micrometer-observation-1.12.0.jar;D:\biancheng\IDEA 2023.1\apache-maven-3.9.6\mvn_resp\io\micrometer\micrometer-commons\1.12.0\micrometer-commons-1.12.0.jar;D:\biancheng\IDEA 2023.1\apache-maven-3.9.6\mvn_resp\org\springframework\spring-webmvc\6.1.1\spring-webmvc-6.1.1.jar;D:\biancheng\IDEA 2023.1\apache-maven-3.9.6\mvn_resp\org\springframework\spring-aop\6.1.1\spring-aop-6.1.1.jar;D:\biancheng\IDEA 2023.1\apache-maven-3.9.6\mvn_resp\org\springframework\spring-context\6.1.1\spring-context-6.1.1.jar;D:\biancheng\IDEA 2023.1\apache-maven-3.9.6\mvn_resp\org\springframework\spring-expression\6.1.1\spring-expression-6.1.1.jar;D:\biancheng\IDEA 2023.1\apache-maven-3.9.6\mvn_resp\org\mybatis\spring\boot\mybatis-spring-boot-starter\3.0.3\mybatis-spring-boot-starter-3.0.3.jar;D:\biancheng\IDEA 2023.1\apache-maven-3.9.6\mvn_resp\org\springframework\boot\spring-boot-starter-jdbc\3.2.0\spring-boot-starter-jdbc-3.2.0.jar;D:\biancheng\IDEA 2023.1\apache-maven-3.9.6\mvn_resp\com\zaxxer\HikariCP\5.0.1\HikariCP-5.0.1.jar;D:\biancheng\IDEA 2023.1\apache-maven-3.9.6\mvn_resp\org\springframework\spring-jdbc\6.1.1\spring-jdbc-6.1.1.jar;D:\biancheng\IDEA 2023.1\apache-maven-3.9.6\mvn_resp\org\mybatis\spring\boot\mybatis-spring-boot-autoconfigure\3.0.3\mybatis-spring-boot-autoconfigure-3.0.3.jar;D:\biancheng\IDEA 2023.1\apache-maven-3.9.6\mvn_resp\org\mybatis\mybatis\3.5.14\mybatis-3.5.14.jar;D:\biancheng\IDEA 2023.1\apache-maven-3.9.6\mvn_resp\org\mybatis\mybatis-spring\3.0.3\mybatis-spring-3.0.3.jar;D:\biancheng\IDEA 2023.1\apache-maven-3.9.6\mvn_resp\com\mysql\mysql-connector-j\8.1.0\mysql-connector-j-8.1.0.jar;D:\biancheng\IDEA 2023.1\apache-maven-3.9.6\mvn_resp\org\projectlombok\lombok\1.18.30\lombok-1.18.30.jar;D:\biancheng\IDEA 2023.1\apache-maven-3.9.6\mvn_resp\org\springframework\boot\spring-boot-starter-test\3.2.0\spring-boot-starter-test-3.2.0.jar;D:\biancheng\IDEA 2023.1\apache-maven-3.9.6\mvn_resp\org\springframework\boot\spring-boot-test\3.2.0\spring-boot-test-3.2.0.jar;D:\biancheng\IDEA 2023.1\apache-maven-3.9.6\mvn_resp\org\springframework\boot\spring-boot-test-autoconfigure\3.2.0\spring-boot-test-autoconfigure-3.2.0.jar;D:\biancheng\IDEA 2023.1\apache-maven-3.9.6\mvn_resp\com\jayway\jsonpath\json-path\2.8.0\json-path-2.8.0.jar;D:\biancheng\IDEA 2023.1\apache-maven-3.9.6\mvn_resp\jakarta\xml\bind\jakarta.xml.bind-api\4.0.1\jakarta.xml.bind-api-4.0.1.jar;D:\biancheng\IDEA 2023.1\apache-maven-3.9.6\mvn_resp\jakarta\activation\jakarta.activation-api\2.1.2\jakarta.activation-api-2.1.2.jar;D:\biancheng\IDEA 2023.1\apache-maven-3.9.6\mvn_resp\net\minidev\json-smart\2.5.0\json-smart-2.5.0.jar;D:\biancheng\IDEA 2023.1\apache-maven-3.9.6\mvn_resp\net\minidev\accessors-smart\2.5.0\accessors-smart-2.5.0.jar;D:\biancheng\IDEA 2023.1\apache-maven-3.9.6\mvn_resp\org\ow2\asm\asm\9.3\asm-9.3.jar;D:\biancheng\IDEA 2023.1\apache-maven-3.9.6\mvn_resp\org\assertj\assertj-core\3.24.2\assertj-core-3.24.2.jar;D:\biancheng\IDEA 2023.1\apache-maven-3.9.6\mvn_resp\net\bytebuddy\byte-buddy\1.14.10\byte-buddy-1.14.10.jar;D:\biancheng\IDEA 2023.1\apache-maven-3.9.6\mvn_resp\org\awaitility\awaitility\4.2.0\awaitility-4.2.0.jar;D:\biancheng\IDEA 2023.1\apache-maven-3.9.6\mvn_resp\org\hamcrest\hamcrest\2.2\hamcrest-2.2.jar;D:\biancheng\IDEA 2023.1\apache-maven-3.9.6\mvn_resp\org\junit\jupiter\junit-jupiter\5.10.1\junit-jupiter-5.10.1.jar;D:\biancheng\IDEA 2023.1\apache-maven-3.9.6\mvn_resp\org\junit\jupiter\junit-jupiter-api\5.10.1\junit-jupiter-api-5.10.1.jar;D:\biancheng\IDEA 2023.1\apache-maven-3.9.6\mvn_resp\org\opentest4j\opentest4j\1.3.0\opentest4j-1.3.0.jar;D:\biancheng\IDEA 2023.1\apache-maven-3.9.6\mvn_resp\org\junit\platform\junit-platform-commons\1.10.1\junit-platform-commons-1.10.1.jar;D:\biancheng\IDEA 2023.1\apache-maven-3.9.6\mvn_resp\org\apiguardian\apiguardian-api\1.1.2\apiguardian-api-1.1.2.jar;D:\biancheng\IDEA 2023.1\apache-maven-3.9.6\mvn_resp\org\junit\jupiter\junit-jupiter-params\5.10.1\junit-jupiter-params-5.10.1.jar;D:\biancheng\IDEA 2023.1\apache-maven-3.9.6\mvn_resp\org\junit\jupiter\junit-jupiter-engine\5.10.1\junit-jupiter-engine-5.10.1.jar;D:\biancheng\IDEA 2023.1\apache-maven-3.9.6\mvn_resp\org\junit\platform\junit-platform-engine\1.10.1\junit-platform-engine-1.10.1.jar;D:\biancheng\IDEA 2023.1\apache-maven-3.9.6\mvn_resp\org\mockito\mockito-core\5.7.0\mockito-core-5.7.0.jar;D:\biancheng\IDEA 2023.1\apache-maven-3.9.6\mvn_resp\net\bytebuddy\byte-buddy-agent\1.14.10\byte-buddy-agent-1.14.10.jar;D:\biancheng\IDEA 2023.1\apache-maven-3.9.6\mvn_resp\org\objenesis\objenesis\3.3\objenesis-3.3.jar;D:\biancheng\IDEA 2023.1\apache-maven-3.9.6\mvn_resp\org\mockito\mockito-junit-jupiter\5.7.0\mockito-junit-jupiter-5.7.0.jar;D:\biancheng\IDEA 2023.1\apache-maven-3.9.6\mvn_resp\org\skyscreamer\jsonassert\1.5.1\jsonassert-1.5.1.jar;D:\biancheng\IDEA 2023.1\apache-maven-3.9.6\mvn_resp\com\vaadin\external\google\android-json\0.0.20131108.vaadin1\android-json-0.0.20131108.vaadin1.jar;D:\biancheng\IDEA 2023.1\apache-maven-3.9.6\mvn_resp\org\springframework\spring-core\6.1.1\spring-core-6.1.1.jar;D:\biancheng\IDEA 2023.1\apache-maven-3.9.6\mvn_resp\org\springframework\spring-jcl\6.1.1\spring-jcl-6.1.1.jar;D:\biancheng\IDEA 2023.1\apache-maven-3.9.6\mvn_resp\org\springframework\spring-test\6.1.1\spring-test-6.1.1.jar;D:\biancheng\IDEA 2023.1\apache-maven-3.9.6\mvn_resp\org\xmlunit\xmlunit-core\2.9.1\xmlunit-core-2.9.1.jar;D:\biancheng\IDEA 2023.1\apache-maven-3.9.6\mvn_resp\org\mybatis\spring\boot\mybatis-spring-boot-starter-test\3.0.3\mybatis-spring-boot-starter-test-3.0.3.jar;D:\biancheng\IDEA 2023.1\apache-maven-3.9.6\mvn_resp\org\mybatis\spring\boot\mybatis-spring-boot-test-autoconfigure\3.0.3\mybatis-spring-boot-test-autoconfigure-3.0.3.jar;D:\biancheng\IDEA 2023.1\apache-maven-3.9.6\mvn_resp\org\springframework\spring-tx\6.1.1\spring-tx-6.1.1.jar;D:\biancheng\IDEA 2023.1\apache-maven-3.9.6\mvn_resp\org\springframework\boot\spring-boot-starter-validation\3.2.0\spring-boot-starter-validation-3.2.0.jar;D:\biancheng\IDEA 2023.1\apache-maven-3.9.6\mvn_resp\org\apache\tomcat\embed\tomcat-embed-el\10.1.16\tomcat-embed-el-10.1.16.jar;D:\biancheng\IDEA 2023.1\apache-maven-3.9.6\mvn_resp\org\hibernate\validator\hibernate-validator\8.0.1.Final\hibernate-validator-8.0.1.Final.jar;D:\biancheng\IDEA 2023.1\apache-maven-3.9.6\mvn_resp\jakarta\validation\jakarta.validation-api\3.0.2\jakarta.validation-api-3.0.2.jar;D:\biancheng\IDEA 2023.1\apache-maven-3.9.6\mvn_resp\org\jboss\logging\jboss-logging\3.5.3.Final\jboss-logging-3.5.3.Final.jar;D:\biancheng\IDEA 2023.1\apache-maven-3.9.6\mvn_resp\com\fasterxml\classmate\1.6.0\classmate-1.6.0.jar;D:\biancheng\IDEA 2023.1\apache-maven-3.9.6\mvn_resp\com\auth0\java-jwt\4.4.0\java-jwt-4.4.0.jar;D:\biancheng\IDEA 2023.1\apache-maven-3.9.6\mvn_resp\com\fasterxml\jackson\core\jackson-databind\2.15.3\jackson-databind-2.15.3.jar;D:\biancheng\IDEA 2023.1\apache-maven-3.9.6\mvn_resp\com\fasterxml\jackson\core\jackson-annotations\2.15.3\jackson-annotations-2.15.3.jar;D:\biancheng\IDEA 2023.1\apache-maven-3.9.6\mvn_resp\com\fasterxml\jackson\core\jackson-core\2.15.3\jackson-core-2.15.3.jar;D:\biancheng\IDEA 2023.1\apache-maven-3.9.6\mvn_resp\org\springframework\boot\spring-boot-starter-data-redis\3.2.0\spring-boot-starter-data-redis-3.2.0.jar;D:\biancheng\IDEA 2023.1\apache-maven-3.9.6\mvn_resp\io\lettuce\lettuce-core\6.3.0.RELEASE\lettuce-core-6.3.0.RELEASE.jar;D:\biancheng\IDEA 2023.1\apache-maven-3.9.6\mvn_resp\io\netty\netty-common\4.1.101.Final\netty-common-4.1.101.Final.jar;D:\biancheng\IDEA 2023.1\apache-maven-3.9.6\mvn_resp\io\netty\netty-handler\4.1.101.Final\netty-handler-4.1.101.Final.jar;D:\biancheng\IDEA 2023.1\apache-maven-3.9.6\mvn_resp\io\netty\netty-resolver\4.1.101.Final\netty-resolver-4.1.101.Final.jar;D:\biancheng\IDEA 2023.1\apache-maven-3.9.6\mvn_resp\io\netty\netty-buffer\4.1.101.Final\netty-buffer-4.1.101.Final.jar;D:\biancheng\IDEA 2023.1\apache-maven-3.9.6\mvn_resp\io\netty\netty-transport-native-unix-common\4.1.101.Final\netty-transport-native-unix-common-4.1.101.Final.jar;D:\biancheng\IDEA 2023.1\apache-maven-3.9.6\mvn_resp\io\netty\netty-codec\4.1.101.Final\netty-codec-4.1.101.Final.jar;D:\biancheng\IDEA 2023.1\apache-maven-3.9.6\mvn_resp\io\netty\netty-transport\4.1.101.Final\netty-transport-4.1.101.Final.jar;D:\biancheng\IDEA 2023.1\apache-maven-3.9.6\mvn_resp\io\projectreactor\reactor-core\3.6.0\reactor-core-3.6.0.jar;D:\biancheng\IDEA 2023.1\apache-maven-3.9.6\mvn_resp\org\reactivestreams\reactive-streams\1.0.4\reactive-streams-1.0.4.jar;D:\biancheng\IDEA 2023.1\apache-maven-3.9.6\mvn_resp\org\springframework\data\spring-data-redis\3.2.0\spring-data-redis-3.2.0.jar;D:\biancheng\IDEA 2023.1\apache-maven-3.9.6\mvn_resp\org\springframework\data\spring-data-keyvalue\3.2.0\spring-data-keyvalue-3.2.0.jar;D:\biancheng\IDEA 2023.1\apache-maven-3.9.6\mvn_resp\org\springframework\data\spring-data-commons\3.2.0\spring-data-commons-3.2.0.jar;D:\biancheng\IDEA 2023.1\apache-maven-3.9.6\mvn_resp\org\springframework\spring-oxm\6.1.1\spring-oxm-6.1.1.jar;D:\biancheng\IDEA 2023.1\apache-maven-3.9.6\mvn_resp\org\springframework\spring-context-support\6.1.1\spring-context-support-6.1.1.jar;D:\biancheng\IDEA 2023.1\apache-maven-3.9.6\mvn_resp\concurrent\concurrent\1.3.4\concurrent-1.3.4.jar;D:\biancheng\IDEA 2023.1\apache-maven-3.9.6\mvn_resp\com\github\pagehelper\pagehelper-spring-boot-starter\1.4.6\pagehelper-spring-boot-starter-1.4.6.jar;D:\biancheng\IDEA 2023.1\apache-maven-3.9.6\mvn_resp\com\github\pagehelper\pagehelper-spring-boot-autoconfigure\1.4.6\pagehelper-spring-boot-autoconfigure-1.4.6.jar;D:\biancheng\IDEA 2023.1\apache-maven-3.9.6\mvn_resp\com\github\pagehelper\pagehelper\5.3.2\pagehelper-5.3.2.jar;D:\biancheng\IDEA 2023.1\apache-maven-3.9.6\mvn_resp\com\github\jsqlparser\jsqlparser\4.5\jsqlparser-4.5.jar;D:\biancheng\IDEA 2023.1\apache-maven-3.9.6\mvn_resp\com\aliyun\oss\aliyun-sdk-oss\3.15.1\aliyun-sdk-oss-3.15.1.jar;D:\biancheng\IDEA 2023.1\apache-maven-3.9.6\mvn_resp\org\apache\httpcomponents\httpclient\4.4.1\httpclient-4.4.1.jar;D:\biancheng\IDEA 2023.1\apache-maven-3.9.6\mvn_resp\commons-codec\commons-codec\1.16.0\commons-codec-1.16.0.jar;D:\biancheng\IDEA 2023.1\apache-maven-3.9.6\mvn_resp\org\jdom\jdom2\2.0.6.1\jdom2-2.0.6.1.jar;D:\biancheng\IDEA 2023.1\apache-maven-3.9.6\mvn_resp\org\codehaus\jettison\jettison\1.1\jettison-1.1.jar;D:\biancheng\IDEA 2023.1\apache-maven-3.9.6\mvn_resp\stax\stax-api\1.0.1\stax-api-1.0.1.jar;D:\biancheng\IDEA 2023.1\apache-maven-3.9.6\mvn_resp\com\aliyun\aliyun-java-sdk-ram\3.1.0\aliyun-java-sdk-ram-3.1.0.jar;D:\biancheng\IDEA 2023.1\apache-maven-3.9.6\mvn_resp\com\aliyun\aliyun-java-sdk-kms\2.11.0\aliyun-java-sdk-kms-2.11.0.jar;D:\biancheng\IDEA 2023.1\apache-maven-3.9.6\mvn_resp\javax\xml\bind\jaxb-api\2.3.1\jaxb-api-2.3.1.jar;D:\biancheng\IDEA 2023.1\apache-maven-3.9.6\mvn_resp\javax\activation\javax.activation-api\1.2.0\javax.activation-api-1.2.0.jar;D:\biancheng\IDEA 2023.1\apache-maven-3.9.6\mvn_resp\javax\activation\activation\1.1.1\activation-1.1.1.jar;D:\biancheng\IDEA 2023.1\apache-maven-3.9.6\mvn_resp\org\glassfish\jaxb\jaxb-runtime\2.3.3\jaxb-runtime-2.3.3.jar;D:\biancheng\IDEA 2023.1\apache-maven-3.9.6\mvn_resp\org\glassfish\jaxb\txw2\4.0.4\txw2-4.0.4.jar;D:\biancheng\IDEA 2023.1\apache-maven-3.9.6\mvn_resp\com\sun\istack\istack-commons-runtime\4.1.2\istack-commons-runtime-4.1.2.jar;D:\biancheng\IDEA 2023.1\apache-maven-3.9.6\mvn_resp\com\sun\activation\jakarta.activation\1.2.2\jakarta.activation-1.2.2.jar;D:\biancheng\IDEA 2023.1\apache-maven-3.9.6\mvn_resp\com\aliyun\aliyun-java-sdk-core\4.5.13\aliyun-java-sdk-core-4.5.13.jar;D:\biancheng\IDEA 2023.1\apache-maven-3.9.6\mvn_resp\com\google\code\gson\gson\2.10.1\gson-2.10.1.jar;D:\biancheng\IDEA 2023.1\apache-maven-3.9.6\mvn_resp\org\apache\httpcomponents\httpcore\4.4.16\httpcore-4.4.16.jar;D:\biancheng\IDEA 2023.1\apache-maven-3.9.6\mvn_resp\commons-logging\commons-logging\1.2\commons-logging-1.2.jar;D:\biancheng\IDEA 2023.1\apache-maven-3.9.6\mvn_resp\org\jacoco\org.jacoco.agent\0.8.5\org.jacoco.agent-0.8.5-runtime.jar;D:\biancheng\IDEA 2023.1\apache-maven-3.9.6\mvn_resp\org\ini4j\ini4j\0.5.4\ini4j-0.5.4.jar;D:\biancheng\IDEA 2023.1\apache-maven-3.9.6\mvn_resp\org\slf4j\slf4j-api\2.0.9\slf4j-api-2.0.9.jar;D:\biancheng\IDEA 2023.1\apache-maven-3.9.6\mvn_resp\io\opentracing\opentracing-api\0.33.0\opentracing-api-0.33.0.jar;D:\biancheng\IDEA 2023.1\apache-maven-3.9.6\mvn_resp\io\opentracing\opentracing-util\0.33.0\opentracing-util-0.33.0.jar;D:\biancheng\IDEA 2023.1\apache-maven-3.9.6\mvn_resp\io\opentracing\opentracing-noop\0.33.0\opentracing-noop-0.33.0.jar;D:\biancheng\IDEA 2023.1\apache-maven-3.9.6\mvn_resp\com\aliyun\aliyun-java-sdk-alinlp\1.8.14\aliyun-java-sdk-alinlp-1.8.14.jar;D:\biancheng\IDEA 2023.1\apache-maven-3.9.6\mvn_resp\com\jcraft\jsch\0.1.55\jsch-0.1.55.jar;"/>
    <property name="sun.cpu.endian" value="little"/>
    <property name="user.home" value="C:\Users\zest"/>
    <property name="user.language" value="zh"/>
    <property name="java.specification.vendor" value="Oracle Corporation"/>
    <property name="java.version.date" value="2023-10-17"/>
    <property name="java.home" value="D:\biancheng\IDEA 2023.1\jdk17"/>
    <property name="file.separator" value="\"/>
    <property name="basedir" value="D:\workspace\LLRP\后端\Logic-LRP"/>
    <property name="java.vm.compressedOopsMode" value="Zero based"/>
    <property name="line.separator" value="&#10;"/>
    <property name="java.vm.specification.vendor" value="Oracle Corporation"/>
    <property name="java.specification.name" value="Java Platform API Specification"/>
    <property name="FILE_LOG_CHARSET" value="GBK"/>
    <property name="java.awt.headless" value="true"/>
    <property name="surefire.real.class.path" value="C:\Users\zest\AppData\Local\Temp\surefire8008503837131807634\surefirebooter-20240425163203147_3.jar"/>
    <property name="user.script" value=""/>
    <property name="sun.management.compiler" value="HotSpot 64-Bit Tiered Compilers"/>
    <property name="java.runtime.version" value="17.0.9+11-LTS-201"/>
    <property name="user.name" value="zest"/>
    <property name="path.separator" value=";"/>
    <property name="os.version" value="10.0"/>
    <property name="java.runtime.name" value="Java(TM) SE Runtime Environment"/>
    <property name="file.encoding" value="GBK"/>
    <property name="java.vm.name" value="Java HotSpot(TM) 64-Bit Server VM"/>
    <property name="localRepository" value="D:\biancheng\IDEA 2023.1\apache-maven-3.9.6\mvn_resp"/>
    <property name="java.vendor.url.bug" value="https://bugreport.java.com/bugreport/"/>
    <property name="java.io.tmpdir" value="C:\Users\zest\AppData\Local\Temp\"/>
    <property name="idea.version" value="2023.1"/>
    <property name="java.version" value="17.0.9"/>
    <property name="user.dir" value="D:\workspace\LLRP\后端\Logic-LRP"/>
    <property name="os.arch" value="amd64"/>
    <property name="java.vm.specification.name" value="Java Virtual Machine Specification"/>
    <property name="PID" value="10068"/>
    <property name="sun.os.patch.level" value=""/>
    <property name="CONSOLE_LOG_CHARSET" value="GBK"/>
    <property name="native.encoding" value="GBK"/>
    <property name="java.library.path" value="D:\biancheng\IDEA 2023.1\jdk17\bin;C:\WINDOWS\Sun\Java\bin;C:\WINDOWS\system32;C:\WINDOWS;C:\Program Files\Common Files\Oracle\Java\javapath;D:\biancheng\IDEA 2023.1\apache-maven-3.9.6\bin;D:\biancheng\IDEA 2023.1\apache-tomcat-8.5.68\bin;C:\Windows\system32;C:\Windows;C:\Windows\System32\Wbem;C:\Windows\System32\WindowsPowerShell\v1.0\;C:\Windows\System32\OpenSSH\;C:\Program Files (x86)\NVIDIA Corporation\PhysX\Common;C:\Program Files (x86)\Common Files\Thunder Network\KanKan\Codecs;C:\WINDOWS\system32;C:\WINDOWS;C:\WINDOWS\System32\Wbem;C:\WINDOWS\System32\WindowsPowerShell\v1.0\;C:\WINDOWS\System32\OpenSSH\;C:\Program Files\dotnet\;C:\Program Files (x86)\Windows Kits\8.1\Windows Performance Toolkit\;C:\Program Files\NVIDIA Corporation\Nsight Compute 2020.3.0\;C:\Program Files\NVIDIA Corporation\NVIDIA NvDLISR;D:\biancheng\IDEA 2023.1\NodeJS\;D:\biancheng\clould\xshell\;D:\biancheng\clould\xftp\;C:\Program Files\NVIDIA GPU Computing Toolkit\CUDA\v11.2\bin\\..\extras\CUPTI\lib64;C:\Program Files\NVIDIA GPU Computing Toolkit\CUDA\v11.2\bin;C:\Program Files\NVIDIA GPU Computing Toolkit\CUDA\v11.2\libnvvp;c:\Program Files (x86)\Microsoft SQL Server\100\Tools\Binn\;c:\Program Files\Microsoft SQL Server\100\Tools\Binn\;c:\Program Files\Microsoft SQL Server\100\DTS\Binn\;C:\Program Files (x86)\Microsoft SQL Server\100\Tools\Binn\VSShell\Common7\IDE\;C:\Program Files (x86)\Microsoft Visual Studio 9.0\Common7\IDE\PrivateAssemblies\;C:\Program Files (x86)\Microsoft SQL Server\100\DTS\Binn;D:\biancheng\IDEA 2023.1\Microsoft VS Code\bin;C:\Users\zest\AppData\Roaming\npm;."/>
    <property name="java.vm.info" value="mixed mode, sharing"/>
    <property name="java.vendor" value="Oracle Corporation"/>
    <property name="java.vm.version" value="17.0.9+11-LTS-201"/>
    <property name="sun.io.unicode.encoding" value="UnicodeLittle"/>
    <property name="java.class.version" value="61.0"/>
  </properties>
  <testcase name="contextLoads" classname="cool.zest.logicdemo.LogicDemoApplicationTests" time="1.566">
    <system-out><![CDATA[16:32:05.231 [main] INFO org.springframework.test.context.support.AnnotationConfigContextLoaderUtils -- Could not detect default configuration classes for test class [cool.zest.logicdemo.LogicDemoApplicationTests]: LogicDemoApplicationTests does not declare any static, non-private, non-final, nested classes annotated with @Configuration.
16:32:05.510 [main] INFO org.springframework.boot.test.context.SpringBootTestContextBootstrapper -- Found @SpringBootConfiguration cool.zest.logicdemo.LogicDemoApplication for test class cool.zest.logicdemo.LogicDemoApplicationTests

  .   ____          _            __ _ _
 /\\ / ___'_ __ _ _(_)_ __  __ _ \ \ \ \
( ( )\___ | '_ | '_| | '_ \/ _` | \ \ \ \
 \\/  ___)| |_)| | | | | || (_| |  ) ) ) )
  '  |____| .__|_| |_|_| |_\__, | / / / /
 =========|_|==============|___/=/_/_/_/
 :: Spring Boot ::                (v3.2.0)

2024-04-25T16:32:06.480+08:00  INFO 10068 --- [           main] c.z.logicdemo.LogicDemoApplicationTests  : Starting LogicDemoApplicationTests using Java 17.0.9 with PID 10068 (started by zest in D:\workspace\LLRP\后端\Logic-LRP)
2024-04-25T16:32:06.487+08:00  INFO 10068 --- [           main] c.z.logicdemo.LogicDemoApplicationTests  : No active profile set, falling back to 1 default profile: "default"
2024-04-25T16:32:08.488+08:00  INFO 10068 --- [           main] .s.d.r.c.RepositoryConfigurationDelegate : Multiple Spring Data modules found, entering strict repository configuration mode
2024-04-25T16:32:08.494+08:00  INFO 10068 --- [           main] .s.d.r.c.RepositoryConfigurationDelegate : Bootstrapping Spring Data Redis repositories in DEFAULT mode.
2024-04-25T16:32:08.556+08:00  INFO 10068 --- [           main] .s.d.r.c.RepositoryConfigurationDelegate : Finished Spring Data repository scanning in 17 ms. Found 0 Redis repository interfaces.
2024-04-25T16:32:10.689+08:00 ERROR 10068 --- [           main] o.a.catalina.core.AprLifecycleListener   : An incompatible version [1.2.30] of the Apache Tomcat Native library is installed, while Tomcat requires version [1.2.34]
2024-04-25T16:32:11.734+08:00  INFO 10068 --- [           main] c.z.logicdemo.LogicDemoApplicationTests  : Started LogicDemoApplicationTests in 5.847 seconds (process running for 8.347)
]]></system-out>
  </testcase>
</testsuite>